$ vagrant up
Bringing machine 'master' up with 'virtualbox' provider...
Bringing machine 'worker1' up with 'virtualbox' provider...
Bringing machine 'worker2' up with 'virtualbox' provider...
==> master: Box 'ubuntu/xenial64' could not be found. Attempting to find and install...
    master: Box Provider: virtualbox
    master: Box Version: >= 0
==> master: Loading metadata for box 'ubuntu/xenial64'
    master: URL: https://vagrantcloud.com/ubuntu/xenial64
==> master: Adding box 'ubuntu/xenial64' (v20180615.0.0) for provider: virtualbox
    master: Downloading: https://vagrantcloud.com/ubuntu/boxes/xenial64/versions/20180615.0.0/providers/virtualbox.box
==> master: Successfully added box 'ubuntu/xenial64' (v20180615.0.0) for 'virtualbox'!
==> master: Importing base box 'ubuntu/xenial64'...
==> master: Matching MAC address for NAT networking...
==> master: Checking if box 'ubuntu/xenial64' is up to date...
==> master: Setting the name of the VM: whalez_master_1529442077030_76358
==> master: Clearing any previously set network interfaces...
==> master: Preparing network interfaces based on configuration...
    master: Adapter 1: nat
    master: Adapter 2: hostonly
==> master: Forwarding ports...
    master: 22 (guest) => 2900 (host) (adapter 1)
==> master: Running 'pre-boot' VM customizations...
==> master: Booting VM...
==> master: Waiting for machine to boot. This may take a few minutes...
    master: SSH address: 127.0.0.1:2900
    master: SSH username: vagrant
    master: SSH auth method: private key
    master: Warning: Connection reset. Retrying...
    master: Warning: Remote connection disconnect. Retrying...
    master: Warning: Connection reset. Retrying...
    master: Warning: Remote connection disconnect. Retrying...
    master: Warning: Connection reset. Retrying...
    master: Warning: Remote connection disconnect. Retrying...
    master: Warning: Connection reset. Retrying...
    master:
    master: Vagrant insecure key detected. Vagrant will automatically replace
    master: this with a newly generated keypair for better security.
    master:
    master: Inserting generated public key within guest...
    master: Removing insecure key from the guest if it's present...
    master: Key inserted! Disconnecting and reconnecting using new SSH key...
==> master: Machine booted and ready!
==> master: Checking for guest additions in VM...
==> master: Configuring and enabling network interfaces...
==> master: Mounting shared folders...
    master: /vagrant => /Users/mtar/Documents/WebProjects/whalez
    master: /home/vagrant/synced => /Users/mtar/Documents/WebProjects/whalez/synced
==> master: Running provisioner: shell...
    master: Running: /var/folders/c0/x_sx3v5s2z13twylxh_t8nc80000gn/T/vagrant-shell20180620-47714-1mpndsv.sh
    master: sysctl:
    master: cannot stat /proc/sys/net/bridge/bridge-nf-call-iptables
    master: : No such file or directory
    master: Hit:1 http://archive.ubuntu.com/ubuntu xenial InRelease
    master: Get:2 http://security.ubuntu.com/ubuntu xenial-security InRelease [107 kB]
    master: Get:3 http://archive.ubuntu.com/ubuntu xenial-updates InRelease [109 kB]
    master: Get:4 http://security.ubuntu.com/ubuntu xenial-security/main Sources [126 kB]
    master: Get:5 http://archive.ubuntu.com/ubuntu xenial-backports InRelease [107 kB]
    master: Get:6 http://archive.ubuntu.com/ubuntu xenial/main Sources [868 kB]
    master: Get:7 http://security.ubuntu.com/ubuntu xenial-security/restricted Sources [2,116 B]
    master: Get:8 http://security.ubuntu.com/ubuntu xenial-security/universe Sources [65.7 kB]
    master: Get:9 http://security.ubuntu.com/ubuntu xenial-security/multiverse Sources [2,124 B]
    master: Get:10 http://security.ubuntu.com/ubuntu xenial-security/main amd64 Packages [511 kB]
    master: Get:11 http://archive.ubuntu.com/ubuntu xenial/restricted Sources [4,808 B]
    master: Get:12 http://archive.ubuntu.com/ubuntu xenial/universe Sources [7,728 kB]
    master: Get:13 http://security.ubuntu.com/ubuntu xenial-security/universe amd64 Packages [355 kB]
    master: Get:14 http://security.ubuntu.com/ubuntu xenial-security/universe Translation-en [132 kB]
    master: Get:15 http://security.ubuntu.com/ubuntu xenial-security/multiverse amd64 Packages [3,456 B]
    master: Get:16 http://security.ubuntu.com/ubuntu xenial-security/multiverse Translation-en [1,744 B]
    master: Get:17 http://archive.ubuntu.com/ubuntu xenial/multiverse Sources [179 kB]
    master: Get:18 http://archive.ubuntu.com/ubuntu xenial/universe amd64 Packages [7,532 kB]
    master: Get:19 http://archive.ubuntu.com/ubuntu xenial/universe Translation-en [4,354 kB]
    master: Get:20 http://archive.ubuntu.com/ubuntu xenial/multiverse amd64 Packages [144 kB]
    master: Get:21 http://archive.ubuntu.com/ubuntu xenial/multiverse Translation-en [106 kB]
    master: Get:22 http://archive.ubuntu.com/ubuntu xenial-updates/main Sources [310 kB]
    master: Get:23 http://archive.ubuntu.com/ubuntu xenial-updates/restricted Sources [2,524 B]
    master: Get:24 http://archive.ubuntu.com/ubuntu xenial-updates/universe Sources [204 kB]
    master: Get:25 http://archive.ubuntu.com/ubuntu xenial-updates/multiverse Sources [8,396 B]
    master: Get:26 http://archive.ubuntu.com/ubuntu xenial-updates/main amd64 Packages [795 kB]
    master: Get:27 http://archive.ubuntu.com/ubuntu xenial-updates/universe amd64 Packages [636 kB]
    master: Get:28 http://archive.ubuntu.com/ubuntu xenial-updates/universe Translation-en [256 kB]
    master: Get:29 http://archive.ubuntu.com/ubuntu xenial-updates/multiverse amd64 Packages [16.4 kB]
    master: Get:30 http://archive.ubuntu.com/ubuntu xenial-updates/multiverse Translation-en [8,344 B]
    master: Get:31 http://archive.ubuntu.com/ubuntu xenial-backports/main Sources [3,436 B]
    master: Get:32 http://archive.ubuntu.com/ubuntu xenial-backports/universe Sources [5,840 B]
    master: Get:33 http://archive.ubuntu.com/ubuntu xenial-backports/main amd64 Packages [4,844 B]
    master: Get:34 http://archive.ubuntu.com/ubuntu xenial-backports/main Translation-en [3,220 B]
    master: Get:35 http://archive.ubuntu.com/ubuntu xenial-backports/universe amd64 Packages [7,400 B]
    master: Get:36 http://archive.ubuntu.com/ubuntu xenial-backports/universe Translation-en [3,996 B]
    master: Fetched 24.7 MB in 38s (637 kB/s)
    master: Reading package lists...
    master: Reading package lists...
    master: Building dependency tree...
    master: Reading state information...
    master: apt-transport-https is already the newest version (1.2.26).
    master: ca-certificates is already the newest version (20170717~16.04.1).
    master: curl is already the newest version (7.47.0-1ubuntu2.8).
    master: software-properties-common is already the newest version (0.96.20.7).
    master: 0 upgraded, 0 newly installed, 0 to remove and 1 not upgraded.
    master: OK
    master: OK
    master: Get:1 https://download.docker.com/linux/ubuntu xenial InRelease [65.8 kB]
    master: Hit:3 http://archive.ubuntu.com/ubuntu xenial InRelease
    master: Hit:4 http://security.ubuntu.com/ubuntu xenial-security InRelease
    master: Get:5 https://download.docker.com/linux/ubuntu xenial/stable amd64 Packages [3,653 B]
    master: Hit:6 http://archive.ubuntu.com/ubuntu xenial-updates InRelease
    master: Hit:7 http://archive.ubuntu.com/ubuntu xenial-backports InRelease
    master: Get:2 https://packages.cloud.google.com/apt kubernetes-xenial InRelease [8,993 B]
    master: Get:8 https://packages.cloud.google.com/apt kubernetes-xenial/main amd64 Packages [16.7 kB]
    master: Fetched 95.2 kB in 1s (52.9 kB/s)
    master: Reading package lists...
    master: Reading package lists...
    master: Building dependency tree...
    master:
    master: Reading state information...
    master: The following additional packages will be installed:
    master:   aufs-tools cgroupfs-mount libltdl7
    master: Suggested packages:
    master:   mountall
    master: The following NEW packages will be installed:
    master:   aufs-tools cgroupfs-mount docker-ce libltdl7
    master: 0 upgraded, 4 newly installed, 0 to remove and 1 not upgraded.
    master: Need to get 19.3 MB of archives.
    master: After this operation, 89.4 MB of additional disk space will be used.
    master: Get:1 http://archive.ubuntu.com/ubuntu xenial/universe amd64 aufs-tools amd64 1:3.2+20130722-1.1ubuntu1 [92.9 kB]
    master: Get:2 https://download.docker.com/linux/ubuntu xenial/stable amd64 docker-ce amd64 17.03.2~ce-0~ubuntu-xenial [19.2 MB]
    master: Get:3 http://archive.ubuntu.com/ubuntu xenial/universe amd64 cgroupfs-mount all 1.2 [4,970 B]
    master: Get:4 http://archive.ubuntu.com/ubuntu xenial/main amd64 libltdl7 amd64 2.4.6-0.1 [38.3 kB]
    master: dpkg-preconfigure: unable to re-open stdin: No such file or directory
    master: Fetched 19.3 MB in 7s (2,671 kB/s)
    master: Selecting previously unselected package aufs-tools.
    master: (Reading database ...
(Reading database ... 35%base ... 5%
    master: (Reading database ... 40%
    master: (Reading database ... 45%
(Reading database ... 60%base ... 50%
    master: (Reading database ... 65%
    master: (Reading database ... 70%
    master: (Reading database ... 75%
    master: (Reading database ... 80%
    master: (Reading database ... 85%
    master: (Reading database ... 90%
    master: (Reading database ... 95%
(Reading database ... 54126 files and directories currently installed.)
    master: Preparing to unpack .../aufs-tools_1%3a3.2+20130722-1.1ubuntu1_amd64.deb ...
    master: Unpacking aufs-tools (1:3.2+20130722-1.1ubuntu1) ...
    master: Selecting previously unselected package cgroupfs-mount.
    master: Preparing to unpack .../cgroupfs-mount_1.2_all.deb ...
    master: Unpacking cgroupfs-mount (1.2) ...
    master: Selecting previously unselected package libltdl7:amd64.
    master: Preparing to unpack .../libltdl7_2.4.6-0.1_amd64.deb ...
    master: Unpacking libltdl7:amd64 (2.4.6-0.1) ...
    master: Selecting previously unselected package docker-ce.
    master: Preparing to unpack .../docker-ce_17.03.2~ce-0~ubuntu-xenial_amd64.deb ...
    master: Unpacking docker-ce (17.03.2~ce-0~ubuntu-xenial) ...
    master: Processing triggers for libc-bin (2.23-0ubuntu10) ...
    master: Processing triggers for man-db (2.7.5-1) ...
    master: Processing triggers for ureadahead (0.100.0-19) ...
    master: Processing triggers for systemd (229-4ubuntu21.2) ...
    master: Setting up aufs-tools (1:3.2+20130722-1.1ubuntu1) ...
    master: Setting up cgroupfs-mount (1.2) ...
    master: Setting up libltdl7:amd64 (2.4.6-0.1) ...
    master: Setting up docker-ce (17.03.2~ce-0~ubuntu-xenial) ...
    master: Processing triggers for libc-bin (2.23-0ubuntu10) ...
    master: Processing triggers for systemd (229-4ubuntu21.2) ...
    master: Processing triggers for ureadahead (0.100.0-19) ...
    master: Reading package lists...
    master: Building dependency tree...
    master:
    master: Reading state information...
    master: The following additional packages will be installed:
    master:   ebtables kubernetes-cni socat
    master: The following NEW packages will be installed:
    master:   ebtables kubeadm kubectl kubelet kubernetes-cni socat
    master: 0 upgraded, 6 newly installed, 0 to remove and 2 not upgraded.
    master: Need to get 57.0 MB of archives.
    master: After this operation, 411 MB of additional disk space will be used.
    master: Get:2 http://archive.ubuntu.com/ubuntu xenial-updates/main amd64 ebtables amd64 2.0.10.4-3.4ubuntu2.16.04.1 [79.6 kB]
    master: Get:1 https://packages.cloud.google.com/apt kubernetes-xenial/main amd64 kubernetes-cni amd64 0.6.0-00 [5,910 kB]
    master: Get:6 http://archive.ubuntu.com/ubuntu xenial/universe amd64 socat amd64 1.7.3.1-1 [321 kB]
    master: Get:3 https://packages.cloud.google.com/apt kubernetes-xenial/main amd64 kubelet amd64 1.10.4-00 [21.1 MB]
    master: Get:4 https://packages.cloud.google.com/apt kubernetes-xenial/main amd64 kubectl amd64 1.10.4-00 [8,912 kB]
    master: Get:5 https://packages.cloud.google.com/apt kubernetes-xenial/main amd64 kubeadm amd64 1.10.4-00 [20.7 MB]
    master: dpkg-preconfigure: unable to re-open stdin: No such file or directory
    master: Fetched 57.0 MB in 12s (4,549 kB/s)
    master: Selecting previously unselected package ebtables.
    master: (Reading database ...
(Reading database ... 15%base ... 5%
(Reading database ... 35%base ... 20%
(Reading database ... 60%base ... 40%
    master: (Reading database ... 65%
    master: (Reading database ... 70%
    master: (Reading database ... 75%
    master: (Reading database ... 80%
    master: (Reading database ... 85%
    master: (Reading database ... 90%
    master: (Reading database ... 95%
(Reading database ... 54401 files and directories currently installed.)
    master: Preparing to unpack .../ebtables_2.0.10.4-3.4ubuntu2.16.04.1_amd64.deb ...
    master: Unpacking ebtables (2.0.10.4-3.4ubuntu2.16.04.1) ...
    master: Selecting previously unselected package kubernetes-cni.
    master: Preparing to unpack .../kubernetes-cni_0.6.0-00_amd64.deb ...
    master: Unpacking kubernetes-cni (0.6.0-00) ...
    master: Selecting previously unselected package socat.
    master: Preparing to unpack .../socat_1.7.3.1-1_amd64.deb ...
    master: Unpacking socat (1.7.3.1-1) ...
    master: Selecting previously unselected package kubelet.
    master: Preparing to unpack .../kubelet_1.10.4-00_amd64.deb ...
    master: Unpacking kubelet (1.10.4-00) ...
    master: Selecting previously unselected package kubectl.
    master: Preparing to unpack .../kubectl_1.10.4-00_amd64.deb ...
    master: Unpacking kubectl (1.10.4-00) ...
    master: Selecting previously unselected package kubeadm.
    master: Preparing to unpack .../kubeadm_1.10.4-00_amd64.deb ...
    master: Unpacking kubeadm (1.10.4-00) ...
    master: Processing triggers for man-db (2.7.5-1) ...
    master: Processing triggers for systemd (229-4ubuntu21.2) ...
    master: Processing triggers for ureadahead (0.100.0-19) ...
    master: Setting up ebtables (2.0.10.4-3.4ubuntu2.16.04.1) ...
    master: update-rc.d: warning: start and stop actions are no longer supported; falling back to defaults
    master: Setting up kubernetes-cni (0.6.0-00) ...
    master: Setting up socat (1.7.3.1-1) ...
    master: Setting up kubelet (1.10.4-00) ...
    master: Setting up kubectl (1.10.4-00) ...
    master: Setting up kubeadm (1.10.4-00) ...
    master: Processing triggers for systemd (229-4ubuntu21.2) ...
    master: Processing triggers for ureadahead (0.100.0-19) ...
==> worker1: Box 'ubuntu/xenial64' could not be found. Attempting to find and install...
    worker1: Box Provider: virtualbox
    worker1: Box Version: >= 0
==> worker1: Loading metadata for box 'ubuntu/xenial64'
    worker1: URL: https://vagrantcloud.com/ubuntu/xenial64
==> worker1: Adding box 'ubuntu/xenial64' (v20180615.0.0) for provider: virtualbox
==> worker1: Importing base box 'ubuntu/xenial64'...
==> worker1: Matching MAC address for NAT networking...
==> worker1: Checking if box 'ubuntu/xenial64' is up to date...
==> worker1: Setting the name of the VM: whalez_worker1_1529442253648_88654
==> worker1: Clearing any previously set network interfaces...
==> worker1: Preparing network interfaces based on configuration...
    worker1: Adapter 1: nat
    worker1: Adapter 2: hostonly
==> worker1: Forwarding ports...
    worker1: 22 (guest) => 2901 (host) (adapter 1)
==> worker1: Running 'pre-boot' VM customizations...
==> worker1: Booting VM...
==> worker1: Waiting for machine to boot. This may take a few minutes...
    worker1: SSH address: 127.0.0.1:2901
    worker1: SSH username: vagrant
    worker1: SSH auth method: private key
    worker1: Warning: Connection reset. Retrying...
    worker1:
    worker1: Vagrant insecure key detected. Vagrant will automatically replace
    worker1: this with a newly generated keypair for better security.
    worker1:
    worker1: Inserting generated public key within guest...
    worker1: Removing insecure key from the guest if it's present...
    worker1: Key inserted! Disconnecting and reconnecting using new SSH key...
==> worker1: Machine booted and ready!
==> worker1: Checking for guest additions in VM...
==> worker1: Configuring and enabling network interfaces...
==> worker1: Mounting shared folders...
    worker1: /vagrant => /Users/mtar/Documents/WebProjects/whalez
    worker1: /home/vagrant/synced => /Users/mtar/Documents/WebProjects/whalez/synced
==> worker1: Running provisioner: shell...
    worker1: Running: /var/folders/c0/x_sx3v5s2z13twylxh_t8nc80000gn/T/vagrant-shell20180620-47714-1pw4x5p.sh
    worker1: sysctl: cannot stat /proc/sys/net/bridge/bridge-nf-call-iptables
    worker1: : No such file or directory
    worker1: Get:1 http://security.ubuntu.com/ubuntu xenial-security InRelease [107 kB]
    worker1: Hit:2 http://archive.ubuntu.com/ubuntu xenial InRelease
    worker1: Get:3 http://archive.ubuntu.com/ubuntu xenial-updates InRelease [109 kB]
    worker1: Get:4 http://security.ubuntu.com/ubuntu xenial-security/main Sources [126 kB]
    worker1: Get:5 http://archive.ubuntu.com/ubuntu xenial-backports InRelease [107 kB]
    worker1: Get:6 http://archive.ubuntu.com/ubuntu xenial/main Sources [868 kB]
    worker1: Get:7 http://security.ubuntu.com/ubuntu xenial-security/restricted Sources [2,116 B]
    worker1: Get:8 http://security.ubuntu.com/ubuntu xenial-security/universe Sources [65.7 kB]
    worker1: Get:9 http://security.ubuntu.com/ubuntu xenial-security/multiverse Sources [2,124 B]
    worker1: Get:10 http://security.ubuntu.com/ubuntu xenial-security/main amd64 Packages [511 kB]
    worker1: Get:11 http://archive.ubuntu.com/ubuntu xenial/restricted Sources [4,808 B]
    worker1: Get:12 http://security.ubuntu.com/ubuntu xenial-security/universe amd64 Packages [355 kB]
    worker1: Get:13 http://archive.ubuntu.com/ubuntu xenial/universe Sources [7,728 kB]
    worker1: Get:14 http://security.ubuntu.com/ubuntu xenial-security/universe Translation-en [132 kB]
    worker1: Get:15 http://security.ubuntu.com/ubuntu xenial-security/multiverse amd64 Packages [3,456 B]
    worker1: Get:16 http://security.ubuntu.com/ubuntu xenial-security/multiverse Translation-en [1,744 B]
    worker1: Get:17 http://archive.ubuntu.com/ubuntu xenial/multiverse Sources [179 kB]
    worker1: Get:18 http://archive.ubuntu.com/ubuntu xenial/universe amd64 Packages [7,532 kB]
    worker1: Get:19 http://archive.ubuntu.com/ubuntu xenial/universe Translation-en [4,354 kB]
    worker1: Get:20 http://archive.ubuntu.com/ubuntu xenial/multiverse amd64 Packages [144 kB]
    worker1: Get:21 http://archive.ubuntu.com/ubuntu xenial/multiverse Translation-en [106 kB]
    worker1: Get:22 http://archive.ubuntu.com/ubuntu xenial-updates/main Sources [310 kB]
    worker1: Get:23 http://archive.ubuntu.com/ubuntu xenial-updates/restricted Sources [2,524 B]
    worker1: Get:24 http://archive.ubuntu.com/ubuntu xenial-updates/universe Sources [204 kB]
    worker1: Get:25 http://archive.ubuntu.com/ubuntu xenial-updates/multiverse Sources [8,396 B]
    worker1: Get:26 http://archive.ubuntu.com/ubuntu xenial-updates/main amd64 Packages [795 kB]
    worker1: Get:27 http://archive.ubuntu.com/ubuntu xenial-updates/universe amd64 Packages [636 kB]
    worker1: Get:28 http://archive.ubuntu.com/ubuntu xenial-updates/universe Translation-en [256 kB]
    worker1: Get:29 http://archive.ubuntu.com/ubuntu xenial-updates/multiverse amd64 Packages [16.4 kB]
    worker1: Get:30 http://archive.ubuntu.com/ubuntu xenial-updates/multiverse Translation-en [8,344 B]
    worker1: Get:31 http://archive.ubuntu.com/ubuntu xenial-backports/main Sources [3,436 B]
    worker1: Get:32 http://archive.ubuntu.com/ubuntu xenial-backports/universe Sources [5,840 B]
    worker1: Get:33 http://archive.ubuntu.com/ubuntu xenial-backports/main amd64 Packages [4,844 B]
    worker1: Get:34 http://archive.ubuntu.com/ubuntu xenial-backports/main Translation-en [3,220 B]
    worker1: Get:35 http://archive.ubuntu.com/ubuntu xenial-backports/universe amd64 Packages [7,400 B]
    worker1: Get:36 http://archive.ubuntu.com/ubuntu xenial-backports/universe Translation-en [3,996 B]
    worker1: Fetched 24.7 MB in 28s (877 kB/s)
    worker1: Reading package lists...
    worker1: Reading package lists...
    worker1: Building dependency tree...
    worker1:
    worker1: Reading state information...
    worker1: apt-transport-https is already the newest version (1.2.26).
    worker1: ca-certificates is already the newest version (20170717~16.04.1).
    worker1: curl is already the newest version (7.47.0-1ubuntu2.8).
    worker1: software-properties-common is already the newest version (0.96.20.7).
    worker1: 0 upgraded, 0 newly installed, 0 to remove and 1 not upgraded.
    worker1: OK
    worker1: OK
    worker1: Get:1 https://download.docker.com/linux/ubuntu xenial InRelease [65.8 kB]
    worker1: Hit:3 http://security.ubuntu.com/ubuntu xenial-security InRelease
    worker1: Hit:4 http://archive.ubuntu.com/ubuntu xenial InRelease
    worker1: Get:5 https://download.docker.com/linux/ubuntu xenial/stable amd64 Packages [3,653 B]
    worker1: Hit:6 http://archive.ubuntu.com/ubuntu xenial-updates InRelease
    worker1: Get:2 https://packages.cloud.google.com/apt kubernetes-xenial InRelease [8,993 B]
    worker1: Hit:7 http://archive.ubuntu.com/ubuntu xenial-backports InRelease
    worker1: Get:8 https://packages.cloud.google.com/apt kubernetes-xenial/main amd64 Packages [16.7 kB]
    worker1: Fetched 95.2 kB in 1s (60.4 kB/s)
    worker1: Reading package lists...
    worker1: Reading package lists...
    worker1: Building dependency tree...
    worker1:
    worker1: Reading state information...
    worker1: The following additional packages will be installed:
    worker1:   aufs-tools cgroupfs-mount libltdl7
    worker1: Suggested packages:
    worker1:   mountall
    worker1: The following NEW packages will be installed:
    worker1:   aufs-tools cgroupfs-mount docker-ce libltdl7
    worker1: 0 upgraded, 4 newly installed, 0 to remove and 1 not upgraded.
    worker1: Need to get 19.3 MB of archives.
    worker1: After this operation, 89.4 MB of additional disk space will be used.
    worker1: Get:1 https://download.docker.com/linux/ubuntu xenial/stable amd64 docker-ce amd64 17.03.2~ce-0~ubuntu-xenial [19.2 MB]
    worker1: Get:2 http://archive.ubuntu.com/ubuntu xenial/universe amd64 aufs-tools amd64 1:3.2+20130722-1.1ubuntu1 [92.9 kB]
    worker1: Get:3 http://archive.ubuntu.com/ubuntu xenial/universe amd64 cgroupfs-mount all 1.2 [4,970 B]
    worker1: Get:4 http://archive.ubuntu.com/ubuntu xenial/main amd64 libltdl7 amd64 2.4.6-0.1 [38.3 kB]
    worker1: dpkg-preconfigure: unable to re-open stdin: No such file or directory
    worker1: Fetched 19.3 MB in 2s (7,253 kB/s)
    worker1: Selecting previously unselected package aufs-tools.
    worker1: (Reading database ...
(Reading database ... 15%abase ... 5%
(Reading database ... 25%abase ... 20%
(Reading database ... 35%abase ... 30%
(Reading database ... 45%abase ... 40%
    worker1: (Reading database ... 50%
(Reading database ... 60%abase ... 55%
    worker1: (Reading database ... 65%
    worker1: (Reading database ... 70%
    worker1: (Reading database ... 75%
    worker1: (Reading database ... 80%
    worker1: (Reading database ... 85%
    worker1: (Reading database ... 90%
    worker1: (Reading database ... 95%
(Reading database ... 54126 files and directories currently installed.)
    worker1: Preparing to unpack .../aufs-tools_1%3a3.2+20130722-1.1ubuntu1_amd64.deb ...
    worker1: Unpacking aufs-tools (1:3.2+20130722-1.1ubuntu1) ...
    worker1: Selecting previously unselected package cgroupfs-mount.
    worker1: Preparing to unpack .../cgroupfs-mount_1.2_all.deb ...
    worker1: Unpacking cgroupfs-mount (1.2) ...
    worker1: Selecting previously unselected package libltdl7:amd64.
    worker1: Preparing to unpack .../libltdl7_2.4.6-0.1_amd64.deb ...
    worker1: Unpacking libltdl7:amd64 (2.4.6-0.1) ...
    worker1: Selecting previously unselected package docker-ce.
    worker1: Preparing to unpack .../docker-ce_17.03.2~ce-0~ubuntu-xenial_amd64.deb ...
    worker1: Unpacking docker-ce (17.03.2~ce-0~ubuntu-xenial) ...
    worker1: Processing triggers for libc-bin (2.23-0ubuntu10) ...
    worker1: Processing triggers for man-db (2.7.5-1) ...
    worker1: Processing triggers for ureadahead (0.100.0-19) ...
    worker1: Processing triggers for systemd (229-4ubuntu21.2) ...
    worker1: Setting up aufs-tools (1:3.2+20130722-1.1ubuntu1) ...
    worker1: Setting up cgroupfs-mount (1.2) ...
    worker1: Setting up libltdl7:amd64 (2.4.6-0.1) ...
    worker1: Setting up docker-ce (17.03.2~ce-0~ubuntu-xenial) ...
    worker1: Processing triggers for libc-bin (2.23-0ubuntu10) ...
    worker1: Processing triggers for systemd (229-4ubuntu21.2) ...
    worker1: Processing triggers for ureadahead (0.100.0-19) ...
    worker1: Reading package lists...
    worker1: Building dependency tree...
    worker1:
    worker1: Reading state information...
    worker1: The following additional packages will be installed:
    worker1:   ebtables kubernetes-cni socat
    worker1: The following NEW packages will be installed:
    worker1:   ebtables kubeadm kubectl kubelet kubernetes-cni socat
    worker1: 0 upgraded, 6 newly installed, 0 to remove and 2 not upgraded.
    worker1: Need to get 57.0 MB of archives.
    worker1: After this operation, 411 MB of additional disk space will be used.
    worker1: Get:2 http://archive.ubuntu.com/ubuntu xenial-updates/main amd64 ebtables amd64 2.0.10.4-3.4ubuntu2.16.04.1 [79.6 kB]
    worker1: Get:1 https://packages.cloud.google.com/apt kubernetes-xenial/main amd64 kubernetes-cni amd64 0.6.0-00 [5,910 kB]
    worker1: Get:6 http://archive.ubuntu.com/ubuntu xenial/universe amd64 socat amd64 1.7.3.1-1 [321 kB]
    worker1: Get:3 https://packages.cloud.google.com/apt kubernetes-xenial/main amd64 kubelet amd64 1.10.4-00 [21.1 MB]
    worker1: Get:4 https://packages.cloud.google.com/apt kubernetes-xenial/main amd64 kubectl amd64 1.10.4-00 [8,912 kB]
    worker1: Get:5 https://packages.cloud.google.com/apt kubernetes-xenial/main amd64 kubeadm amd64 1.10.4-00 [20.7 MB]
    worker1: dpkg-preconfigure: unable to re-open stdin: No such file or directory
    worker1: Fetched 57.0 MB in 9s (6,323 kB/s)
    worker1: Selecting previously unselected package ebtables.
    worker1: (Reading database ...
(Reading database ... 40%abase ... 5%
    worker1: (Reading database ... 45%
(Reading database ... 60%abase ... 50%
    worker1: (Reading database ... 65%
    worker1: (Reading database ... 70%
    worker1: (Reading database ... 75%
    worker1: (Reading database ... 80%
    worker1: (Reading database ... 85%
    worker1: (Reading database ... 90%
    worker1: (Reading database ... 95%
(Reading database ... 54401 files and directories currently installed.)
    worker1: Preparing to unpack .../ebtables_2.0.10.4-3.4ubuntu2.16.04.1_amd64.deb ...
    worker1: Unpacking ebtables (2.0.10.4-3.4ubuntu2.16.04.1) ...
    worker1: Selecting previously unselected package kubernetes-cni.
    worker1: Preparing to unpack .../kubernetes-cni_0.6.0-00_amd64.deb ...
    worker1: Unpacking kubernetes-cni (0.6.0-00) ...
    worker1: Selecting previously unselected package socat.
    worker1: Preparing to unpack .../socat_1.7.3.1-1_amd64.deb ...
    worker1: Unpacking socat (1.7.3.1-1) ...
    worker1: Selecting previously unselected package kubelet.
    worker1: Preparing to unpack .../kubelet_1.10.4-00_amd64.deb ...
    worker1: Unpacking kubelet (1.10.4-00) ...
    worker1: Selecting previously unselected package kubectl.
    worker1: Preparing to unpack .../kubectl_1.10.4-00_amd64.deb ...
    worker1: Unpacking kubectl (1.10.4-00) ...
    worker1: Selecting previously unselected package kubeadm.
    worker1: Preparing to unpack .../kubeadm_1.10.4-00_amd64.deb ...
    worker1: Unpacking kubeadm (1.10.4-00) ...
    worker1: Processing triggers for man-db (2.7.5-1) ...
    worker1: Processing triggers for systemd (229-4ubuntu21.2) ...
    worker1: Processing triggers for ureadahead (0.100.0-19) ...
    worker1: Setting up ebtables (2.0.10.4-3.4ubuntu2.16.04.1) ...
    worker1: update-rc.d: warning: start and stop actions are no longer supported; falling back to defaults
    worker1: Setting up kubernetes-cni (0.6.0-00) ...
    worker1: Setting up socat (1.7.3.1-1) ...
    worker1: Setting up kubelet (1.10.4-00) ...
    worker1: Setting up kubectl (1.10.4-00) ...
    worker1: Setting up kubeadm (1.10.4-00) ...
    worker1: Processing triggers for systemd (229-4ubuntu21.2) ...
    worker1: Processing triggers for ureadahead (0.100.0-19) ...
==> worker2: Box 'ubuntu/xenial64' could not be found. Attempting to find and install...
    worker2: Box Provider: virtualbox
    worker2: Box Version: >= 0
==> worker2: Loading metadata for box 'ubuntu/xenial64'
    worker2: URL: https://vagrantcloud.com/ubuntu/xenial64
==> worker2: Adding box 'ubuntu/xenial64' (v20180615.0.0) for provider: virtualbox
==> worker2: Importing base box 'ubuntu/xenial64'...
==> worker2: Matching MAC address for NAT networking...
==> worker2: Checking if box 'ubuntu/xenial64' is up to date...
==> worker2: Setting the name of the VM: whalez_worker2_1529442409229_95930
==> worker2: Clearing any previously set network interfaces...
==> worker2: Preparing network interfaces based on configuration...
    worker2: Adapter 1: nat
    worker2: Adapter 2: hostonly
==> worker2: Forwarding ports...
    worker2: 22 (guest) => 2902 (host) (adapter 1)
==> worker2: Running 'pre-boot' VM customizations...
==> worker2: Booting VM...
==> worker2: Waiting for machine to boot. This may take a few minutes...
    worker2: SSH address: 127.0.0.1:2902
    worker2: SSH username: vagrant
    worker2: SSH auth method: private key
    worker2: Warning: Connection reset. Retrying...
    worker2: Warning: Remote connection disconnect. Retrying...
    worker2: Warning: Connection reset. Retrying...
    worker2:
    worker2: Vagrant insecure key detected. Vagrant will automatically replace
    worker2: this with a newly generated keypair for better security.
    worker2:
    worker2: Inserting generated public key within guest...
    worker2: Removing insecure key from the guest if it's present...
    worker2: Key inserted! Disconnecting and reconnecting using new SSH key...
==> worker2: Machine booted and ready!
==> worker2: Checking for guest additions in VM...
==> worker2: Configuring and enabling network interfaces...
==> worker2: Mounting shared folders...
    worker2: /vagrant => /Users/mtar/Documents/WebProjects/whalez
    worker2: /home/vagrant/synced => /Users/mtar/Documents/WebProjects/whalez/synced
==> worker2: Running provisioner: shell...
    worker2: Running: /var/folders/c0/x_sx3v5s2z13twylxh_t8nc80000gn/T/vagrant-shell20180620-47714-193mp11.sh
    worker2: sysctl: cannot stat /proc/sys/net/bridge/bridge-nf-call-iptables
    worker2: : No such file or directory
    worker2: Get:1 http://security.ubuntu.com/ubuntu xenial-security InRelease [107 kB]
    worker2: Hit:2 http://archive.ubuntu.com/ubuntu xenial InRelease
    worker2: Get:3 http://archive.ubuntu.com/ubuntu xenial-updates InRelease [109 kB]
    worker2: Get:4 http://security.ubuntu.com/ubuntu xenial-security/main Sources [126 kB]
    worker2: Get:5 http://archive.ubuntu.com/ubuntu xenial-backports InRelease [107 kB]
    worker2: Get:6 http://archive.ubuntu.com/ubuntu xenial/main Sources [868 kB]
    worker2: Get:7 http://security.ubuntu.com/ubuntu xenial-security/restricted Sources [2,116 B]
    worker2: Get:8 http://security.ubuntu.com/ubuntu xenial-security/universe Sources [65.7 kB]
    worker2: Get:9 http://security.ubuntu.com/ubuntu xenial-security/multiverse Sources [2,124 B]
    worker2: Get:10 http://security.ubuntu.com/ubuntu xenial-security/main amd64 Packages [511 kB]
    worker2: Get:11 http://archive.ubuntu.com/ubuntu xenial/restricted Sources [4,808 B]
    worker2: Get:12 http://archive.ubuntu.com/ubuntu xenial/universe Sources [7,728 kB]
    worker2: Get:13 http://security.ubuntu.com/ubuntu xenial-security/universe amd64 Packages [355 kB]
    worker2: Get:14 http://security.ubuntu.com/ubuntu xenial-security/universe Translation-en [132 kB]
    worker2: Get:15 http://security.ubuntu.com/ubuntu xenial-security/multiverse amd64 Packages [3,456 B]
    worker2: Get:16 http://security.ubuntu.com/ubuntu xenial-security/multiverse Translation-en [1,744 B]
    worker2: Get:17 http://archive.ubuntu.com/ubuntu xenial/multiverse Sources [179 kB]
    worker2: Get:18 http://archive.ubuntu.com/ubuntu xenial/universe amd64 Packages [7,532 kB]
    worker2: Get:19 http://archive.ubuntu.com/ubuntu xenial/universe Translation-en [4,354 kB]
    worker2: Get:20 http://archive.ubuntu.com/ubuntu xenial/multiverse amd64 Packages [144 kB]
    worker2: Get:21 http://archive.ubuntu.com/ubuntu xenial/multiverse Translation-en [106 kB]
    worker2: Get:22 http://archive.ubuntu.com/ubuntu xenial-updates/main Sources [310 kB]
    worker2: Get:23 http://archive.ubuntu.com/ubuntu xenial-updates/restricted Sources [2,524 B]
    worker2: Get:24 http://archive.ubuntu.com/ubuntu xenial-updates/universe Sources [204 kB]
    worker2: Get:25 http://archive.ubuntu.com/ubuntu xenial-updates/multiverse Sources [8,396 B]
    worker2: Get:26 http://archive.ubuntu.com/ubuntu xenial-updates/main amd64 Packages [795 kB]
    worker2: Get:27 http://archive.ubuntu.com/ubuntu xenial-updates/universe amd64 Packages [636 kB]
    worker2: Get:28 http://archive.ubuntu.com/ubuntu xenial-updates/universe Translation-en [256 kB]
    worker2: Get:29 http://archive.ubuntu.com/ubuntu xenial-updates/multiverse amd64 Packages [16.4 kB]
    worker2: Get:30 http://archive.ubuntu.com/ubuntu xenial-updates/multiverse Translation-en [8,344 B]
    worker2: Get:31 http://archive.ubuntu.com/ubuntu xenial-backports/main Sources [3,436 B]
    worker2: Get:32 http://archive.ubuntu.com/ubuntu xenial-backports/universe Sources [5,840 B]
    worker2: Get:33 http://archive.ubuntu.com/ubuntu xenial-backports/main amd64 Packages [4,844 B]
    worker2: Get:34 http://archive.ubuntu.com/ubuntu xenial-backports/main Translation-en [3,220 B]
    worker2: Get:35 http://archive.ubuntu.com/ubuntu xenial-backports/universe amd64 Packages [7,400 B]
    worker2: Get:36 http://archive.ubuntu.com/ubuntu xenial-backports/universe Translation-en [3,996 B]
    worker2: Fetched 24.7 MB in 19s (1,288 kB/s)
    worker2: Reading package lists...
    worker2: Reading package lists...
    worker2: Building dependency tree...
    worker2: Reading state information...
    worker2: apt-transport-https is already the newest version (1.2.26).
    worker2: ca-certificates is already the newest version (20170717~16.04.1).
    worker2: curl is already the newest version (7.47.0-1ubuntu2.8).
    worker2: software-properties-common is already the newest version (0.96.20.7).
    worker2: 0 upgraded, 0 newly installed, 0 to remove and 1 not upgraded.
    worker2: OK
    worker2: OK
    worker2: Get:1 https://download.docker.com/linux/ubuntu xenial InRelease [65.8 kB]
    worker2: Hit:3 http://security.ubuntu.com/ubuntu xenial-security InRelease
    worker2: Hit:4 http://archive.ubuntu.com/ubuntu xenial InRelease
    worker2: Get:5 https://download.docker.com/linux/ubuntu xenial/stable amd64 Packages [3,653 B]
    worker2: Hit:6 http://archive.ubuntu.com/ubuntu xenial-updates InRelease
    worker2: Hit:7 http://archive.ubuntu.com/ubuntu xenial-backports InRelease
    worker2: Get:2 https://packages.cloud.google.com/apt kubernetes-xenial InRelease [8,993 B]
    worker2: Get:8 https://packages.cloud.google.com/apt kubernetes-xenial/main amd64 Packages [16.7 kB]
    worker2: Fetched 95.2 kB in 1s (54.2 kB/s)
    worker2: Reading package lists...
    worker2: Reading package lists...
    worker2: Building dependency tree...
    worker2: Reading state information...
    worker2: The following additional packages will be installed:
    worker2:   aufs-tools cgroupfs-mount libltdl7
    worker2: Suggested packages:
    worker2:   mountall
    worker2: The following NEW packages will be installed:
    worker2:   aufs-tools cgroupfs-mount docker-ce libltdl7
    worker2: 0 upgraded, 4 newly installed, 0 to remove and 1 not upgraded.
    worker2: Need to get 19.3 MB of archives.
    worker2: After this operation, 89.4 MB of additional disk space will be used.
    worker2: Get:1 http://archive.ubuntu.com/ubuntu xenial/universe amd64 aufs-tools amd64 1:3.2+20130722-1.1ubuntu1 [92.9 kB]
    worker2: Get:2 https://download.docker.com/linux/ubuntu xenial/stable amd64 docker-ce amd64 17.03.2~ce-0~ubuntu-xenial [19.2 MB]
    worker2: Get:3 http://archive.ubuntu.com/ubuntu xenial/universe amd64 cgroupfs-mount all 1.2 [4,970 B]
    worker2: Get:4 http://archive.ubuntu.com/ubuntu xenial/main amd64 libltdl7 amd64 2.4.6-0.1 [38.3 kB]
    worker2: dpkg-preconfigure: unable to re-open stdin: No such file or directory
    worker2: Fetched 19.3 MB in 3s (5,993 kB/s)
    worker2: Selecting previously unselected package aufs-tools.
    worker2: (Reading database ...
(Reading database ... 30%abase ... 5%
    worker2: (Reading database ... 35%
(Reading database ... 60%abase ... 40%
    worker2: (Reading database ... 65%
    worker2: (Reading database ... 70%
    worker2: (Reading database ... 75%
    worker2: (Reading database ... 80%
    worker2: (Reading database ... 85%
    worker2: (Reading database ... 90%
    worker2: (Reading database ... 95%
(Reading database ... database ... 100%
    worker2: 54126 files and directories currently installed.)
    worker2: Preparing to unpack .../aufs-tools_1%3a3.2+20130722-1.1ubuntu1_amd64.deb ...
    worker2: Unpacking aufs-tools (1:3.2+20130722-1.1ubuntu1) ...
    worker2: Selecting previously unselected package cgroupfs-mount.
    worker2: Preparing to unpack .../cgroupfs-mount_1.2_all.deb ...
    worker2: Unpacking cgroupfs-mount (1.2) ...
    worker2: Selecting previously unselected package libltdl7:amd64.
    worker2: Preparing to unpack .../libltdl7_2.4.6-0.1_amd64.deb ...
    worker2: Unpacking libltdl7:amd64 (2.4.6-0.1) ...
    worker2: Selecting previously unselected package docker-ce.
    worker2: Preparing to unpack .../docker-ce_17.03.2~ce-0~ubuntu-xenial_amd64.deb ...
    worker2: Unpacking docker-ce (17.03.2~ce-0~ubuntu-xenial) ...
    worker2: Processing triggers for libc-bin (2.23-0ubuntu10) ...
    worker2: Processing triggers for man-db (2.7.5-1) ...
    worker2: Processing triggers for ureadahead (0.100.0-19) ...
    worker2: Processing triggers for systemd (229-4ubuntu21.2) ...
    worker2: Setting up aufs-tools (1:3.2+20130722-1.1ubuntu1) ...
    worker2: Setting up cgroupfs-mount (1.2) ...
    worker2: Setting up libltdl7:amd64 (2.4.6-0.1) ...
    worker2: Setting up docker-ce (17.03.2~ce-0~ubuntu-xenial) ...
    worker2: Processing triggers for libc-bin (2.23-0ubuntu10) ...
    worker2: Processing triggers for systemd (229-4ubuntu21.2) ...
    worker2: Processing triggers for ureadahead (0.100.0-19) ...
    worker2: Reading package lists...
    worker2: Building dependency tree...
    worker2: Reading state information...
    worker2: The following additional packages will be installed:
    worker2:   ebtables kubernetes-cni socat
    worker2: The following NEW packages will be installed:
    worker2:   ebtables kubeadm kubectl kubelet kubernetes-cni socat
    worker2: 0 upgraded, 6 newly installed, 0 to remove and 2 not upgraded.
    worker2: Need to get 57.0 MB of archives.
    worker2: After this operation, 411 MB of additional disk space will be used.
    worker2: Get:2 http://archive.ubuntu.com/ubuntu xenial-updates/main amd64 ebtables amd64 2.0.10.4-3.4ubuntu2.16.04.1 [79.6 kB]
    worker2: Get:1 https://packages.cloud.google.com/apt kubernetes-xenial/main amd64 kubernetes-cni amd64 0.6.0-00 [5,910 kB]
    worker2: Get:6 http://archive.ubuntu.com/ubuntu xenial/universe amd64 socat amd64 1.7.3.1-1 [321 kB]
    worker2: Get:3 https://packages.cloud.google.com/apt kubernetes-xenial/main amd64 kubelet amd64 1.10.4-00 [21.1 MB]
    worker2: Get:4 https://packages.cloud.google.com/apt kubernetes-xenial/main amd64 kubectl amd64 1.10.4-00 [8,912 kB]
    worker2: Get:5 https://packages.cloud.google.com/apt kubernetes-xenial/main amd64 kubeadm amd64 1.10.4-00 [20.7 MB]
    worker2: dpkg-preconfigure: unable to re-open stdin: No such file or directory
    worker2: Fetched 57.0 MB in 11s (4,829 kB/s)
    worker2: Selecting previously unselected package ebtables.
    worker2: (Reading database ...
(Reading database ... 50%abase ... 5%
(Reading database ... 60%abase ... 55%
    worker2: (Reading database ... 65%
    worker2: (Reading database ... 70%
    worker2: (Reading database ... 75%
    worker2: (Reading database ... 80%
    worker2: (Reading database ... 85%
    worker2: (Reading database ... 90%
    worker2: (Reading database ... 95%
(Reading database ... 54401 files and directories currently installed.)
    worker2: Preparing to unpack .../ebtables_2.0.10.4-3.4ubuntu2.16.04.1_amd64.deb ...
    worker2: Unpacking ebtables (2.0.10.4-3.4ubuntu2.16.04.1) ...
    worker2: Selecting previously unselected package kubernetes-cni.
    worker2: Preparing to unpack .../kubernetes-cni_0.6.0-00_amd64.deb ...
    worker2: Unpacking kubernetes-cni (0.6.0-00) ...
    worker2: Selecting previously unselected package socat.
    worker2: Preparing to unpack .../socat_1.7.3.1-1_amd64.deb ...
    worker2: Unpacking socat (1.7.3.1-1) ...
    worker2: Selecting previously unselected package kubelet.
    worker2: Preparing to unpack .../kubelet_1.10.4-00_amd64.deb ...
    worker2: Unpacking kubelet (1.10.4-00) ...
    worker2: Selecting previously unselected package kubectl.
    worker2: Preparing to unpack .../kubectl_1.10.4-00_amd64.deb ...
    worker2: Unpacking kubectl (1.10.4-00) ...
    worker2: Selecting previously unselected package kubeadm.
    worker2: Preparing to unpack .../kubeadm_1.10.4-00_amd64.deb ...
    worker2: Unpacking kubeadm (1.10.4-00) ...
    worker2: Processing triggers for man-db (2.7.5-1) ...
    worker2: Processing triggers for systemd (229-4ubuntu21.2) ...
    worker2: Processing triggers for ureadahead (0.100.0-19) ...
    worker2: Setting up ebtables (2.0.10.4-3.4ubuntu2.16.04.1) ...
    worker2: update-rc.d: warning: start and stop actions are no longer supported; falling back to defaults
    worker2: Setting up kubernetes-cni (0.6.0-00) ...
    worker2: Setting up socat (1.7.3.1-1) ...
    worker2: Setting up kubelet (1.10.4-00) ...
    worker2: Setting up kubectl (1.10.4-00) ...
    worker2: Setting up kubeadm (1.10.4-00) ...
    worker2: Processing triggers for systemd (229-4ubuntu21.2) ...
    worker2: Processing triggers for ureadahead (0.100.0-19) ...
